e:\documentos_carolina\poo_20_21\tp_poo_20_21\tp_poo\tp_poo\x64\debug\vc142.pdb
e:\documentos_carolina\poo_20_21\tp_poo_20_21\tp_poo\tp_poo\x64\debug\vc142.idb
e:\documentos_carolina\poo_20_21\tp_poo_20_21\tp_poo\tp_poo\x64\debug\territorio.obj
e:\documentos_carolina\poo_20_21\tp_poo_20_21\tp_poo\tp_poo\x64\debug\tecnologias.obj
e:\documentos_carolina\poo_20_21\tp_poo_20_21\tp_poo\tp_poo\x64\debug\main.obj
e:\documentos_carolina\poo_20_21\tp_poo_20_21\tp_poo\tp_poo\x64\debug\imperio.obj
e:\documentos_carolina\poo_20_21\tp_poo_20_21\tp_poo\tp_poo\x64\debug\game.obj
e:\documentos_carolina\poo_20_21\tp_poo_20_21\tp_poo\tp_poo\x64\debug\configure.obj
e:\documentos_carolina\poo_20_21\tp_poo_20_21\tp_poo\x64\debug\tp_poo.exe
e:\documentos_carolina\poo_20_21\tp_poo_20_21\tp_poo\x64\debug\tp_poo.ilk
e:\documentos_carolina\poo_20_21\tp_poo_20_21\tp_poo\x64\debug\tp_poo.pdb
e:\documentos_carolina\poo_20_21\tp_poo_20_21\tp_poo\tp_poo\x64\debug\configure.obj.enc
e:\documentos_carolina\poo_20_21\tp_poo_20_21\tp_poo\tp_poo\x64\debug\imperio.obj.enc
e:\documentos_carolina\poo_20_21\tp_poo_20_21\tp_poo\tp_poo\x64\debug\main.obj.enc
e:\documentos_carolina\poo_20_21\tp_poo_20_21\tp_poo\tp_poo\x64\debug\territorio.obj.enc
e:\documentos_carolina\poo_20_21\tp_poo_20_21\tp_poo\tp_poo\x64\debug\tp_poo.tlog\cl.command.1.tlog
e:\documentos_carolina\poo_20_21\tp_poo_20_21\tp_poo\tp_poo\x64\debug\tp_poo.tlog\cl.read.1.tlog
e:\documentos_carolina\poo_20_21\tp_poo_20_21\tp_poo\tp_poo\x64\debug\tp_poo.tlog\cl.write.1.tlog
e:\documentos_carolina\poo_20_21\tp_poo_20_21\tp_poo\tp_poo\x64\debug\tp_poo.tlog\link.command.1.tlog
e:\documentos_carolina\poo_20_21\tp_poo_20_21\tp_poo\tp_poo\x64\debug\tp_poo.tlog\link.read.1.tlog
e:\documentos_carolina\poo_20_21\tp_poo_20_21\tp_poo\tp_poo\x64\debug\tp_poo.tlog\link.write.1.tlog
